<?xml version="1.0" encoding="UTF-8"?>
<!-- Generated by org.testng.reporters.JUnitReportReporter -->
<testsuite hostname="DESKTOP-B3UT58U" failures="0" tests="1" name="api.tests.Test_store" time="11.006" errors="0" timestamp="2024-12-04T12:14:53 IST" skipped="0">
  <testcase classname="api.tests.Test_store" name="test_getStroreInventory" time="11.006"/>
</testsuite> <!-- api.tests.Test_store -->
