<?xml version="1.0" encoding="UTF-8"?>
<!-- Generated by org.testng.reporters.JUnitReportReporter -->
<testsuite hostname="DESKTOP-B3UT58U" failures="0" tests="11" name="api.tests.userTest1" time="15.181" errors="0" timestamp="2024-12-04T13:31:23 IST" skipped="0">
  <testcase classname="api.tests.userTest1" name="test_creatUserusingDataProvider" time="1.155"/>
  <testcase classname="api.tests.userTest1" name="test_creatUserusingDataProvider" time="1.071"/>
  <testcase classname="api.tests.userTest1" name="test_creatUserusingDataProvider" time="3.843"/>
  <testcase classname="api.tests.userTest1" name="test_getUser" time="1.150"/>
  <testcase classname="api.tests.userTest1" name="test_getUser" time="1.115"/>
  <testcase classname="api.tests.userTest1" name="test_getUser" time="1.088"/>
  <testcase classname="api.tests.userTest1" name="test_deleteUser" time="1.129"/>
  <testcase classname="api.tests.userTest1" name="test_deleteUser" time="1.164"/>
  <testcase classname="api.tests.userTest1" name="test_deleteUser" time="1.119"/>
  <testcase classname="api.tests.userTest1" name="test_loginWithValidUser" time="1.182"/>
  <testcase classname="api.tests.userTest1" name="test_logoutWithValidUser" time="1.165"/>
</testsuite> <!-- api.tests.userTest1 -->
