<?xml version="1.0" encoding="UTF-8"?>
<!-- Generated by org.testng.reporters.JUnitReportReporter -->
<testsuite hostname="DESKTOP-B3UT58U" failures="0" tests="4" name="api.tests.userTest" time="15.402" errors="0" timestamp="2024-12-02T15:57:36 IST" skipped="0">
  <testcase classname="api.tests.userTest" name="test_createUser" time="4.584"/>
  <testcase classname="api.tests.userTest" name="test_getUser" time="2.833"/>
  <testcase classname="api.tests.userTest" name="test_updateUser" time="3.937"/>
  <testcase classname="api.tests.userTest" name="test_deleteUser" time="4.048"/>
</testsuite> <!-- api.tests.userTest -->
