<?xml version="1.0" encoding="UTF-8"?>
<!-- Generated by org.testng.reporters.JUnitReportReporter -->
<testsuite hostname="DESKTOP-B3UT58U" failures="0" tests="9" name="api.tests.userTest1" time="16.545" errors="0" timestamp="2024-12-02T15:57:36 IST" skipped="0">
  <testcase classname="api.tests.userTest1" name="test_creatUserusingDataProvider" time="1.841"/>
  <testcase classname="api.tests.userTest1" name="test_creatUserusingDataProvider" time="1.712"/>
  <testcase classname="api.tests.userTest1" name="test_creatUserusingDataProvider" time="1.842"/>
  <testcase classname="api.tests.userTest1" name="test_getUser" time="1.586"/>
  <testcase classname="api.tests.userTest1" name="test_getUser" time="2.044"/>
  <testcase classname="api.tests.userTest1" name="test_getUser" time="1.634"/>
  <testcase classname="api.tests.userTest1" name="test_deleteUser" time="2.047"/>
  <testcase classname="api.tests.userTest1" name="test_deleteUser" time="1.792"/>
  <testcase classname="api.tests.userTest1" name="test_deleteUser" time="2.047"/>
</testsuite> <!-- api.tests.userTest1 -->
