<?xml version="1.0" encoding="UTF-8"?>
<!-- Generated by org.testng.reporters.JUnitReportReporter -->
<testsuite hostname="DESKTOP-B3UT58U" failures="0" tests="11" name="api.tests.userTest1" time="23.037" errors="0" timestamp="2024-12-03T23:44:12 IST" skipped="0">
  <testcase classname="api.tests.userTest1" name="test_creatUserusingDataProvider" time="1.636"/>
  <testcase classname="api.tests.userTest1" name="test_creatUserusingDataProvider" time="1.979"/>
  <testcase classname="api.tests.userTest1" name="test_creatUserusingDataProvider" time="4.405"/>
  <testcase classname="api.tests.userTest1" name="test_getUser" time="2.000"/>
  <testcase classname="api.tests.userTest1" name="test_getUser" time="2.055"/>
  <testcase classname="api.tests.userTest1" name="test_getUser" time="1.809"/>
  <testcase classname="api.tests.userTest1" name="test_deleteUser" time="1.840"/>
  <testcase classname="api.tests.userTest1" name="test_deleteUser" time="1.991"/>
  <testcase classname="api.tests.userTest1" name="test_deleteUser" time="1.842"/>
  <testcase classname="api.tests.userTest1" name="test_loginWithValidUser" time="2.046"/>
  <testcase classname="api.tests.userTest1" name="test_logoutWithValidUser" time="1.434"/>
</testsuite> <!-- api.tests.userTest1 -->
